2023-05-27 17:49:34.656094-0500 ObjectDetection-CoreML[8216:2432108] First Log
2023-05-27 17:49:34.656531-0500 ObjectDetection-CoreML[8216:2432108] Second Log
2023-05-27 17:49:34.667391-0500 ObjectDetection-CoreML[8216:2432108] Metal API Validation Enabled
2023-05-27 17:49:42.347023-0500 ObjectDetection-CoreML[8216:2432108] Not Facing Front at 5:49:42 PM
2023-05-27 17:49:42.515761-0500 ObjectDetection-CoreML[8216:2432108] Not Facing Front at 5:49:42 PM
2023-05-27 17:49:42.573904-0500 ObjectDetection-CoreML[8216:2432108] Not Facing Front at 5:49:42 PM
2023-05-27 17:49:42.579360-0500 ObjectDetection-CoreML[8216:2432108] Not Facing Front at 5:49:42 PM
2023-05-27 17:49:42.599957-0500 ObjectDetection-CoreML[8216:2432108] Not Facing Front at 5:49:42 PM
2023-05-27 17:49:42.602442-0500 ObjectDetection-CoreML[8216:2432108] Not Facing Front at 5:49:42 PM
2023-05-27 17:49:42.604357-0500 ObjectDetection-CoreML[8216:2432108] Not Facing Front at 5:49:42 PM
2023-05-27 17:49:42.606684-0500 ObjectDetection-CoreML[8216:2432108] Not Facing Front at 5:49:42 PM
2023-05-27 17:49:42.609774-0500 ObjectDetection-CoreML[8216:2432108] Not Facing Front at 5:49:42 PM
2023-05-27 17:49:42.638191-0500 ObjectDetection-CoreML[8216:2432108] Not Facing Front at 5:49:42 PM
2023-05-27 17:49:42.640234-0500 ObjectDetection-CoreML[8216:2432108] Not Facing Front at 5:49:42 PM
2023-05-27 17:49:42.641414-0500 ObjectDetection-CoreML[8216:2432108] Not Facing Front at 5:49:42 PM
2023-05-27 17:49:42.642530-0500 ObjectDetection-CoreML[8216:2432108] Not Facing Front at 5:49:42 PM
2023-05-27 17:49:42.643903-0500 ObjectDetection-CoreML[8216:2432108] Not Facing Front at 5:49:42 PM
2023-05-27 17:49:42.645217-0500 ObjectDetection-CoreML[8216:2432108] Not Facing Front at 5:49:42 PM
2023-05-27 17:49:42.649705-0500 ObjectDetection-CoreML[8216:2432108] Not Facing Front at 5:49:42 PM
2023-05-27 17:49:42.651471-0500 ObjectDetection-CoreML[8216:2432108] Not Facing Front at 5:49:42 PM
2023-05-27 17:49:42.652763-0500 ObjectDetection-CoreML[8216:2432108] Not Facing Front at 5:49:42 PM
2023-05-27 17:49:47.841870-0500 ObjectDetection-CoreML[8216:2432108] Not Facing Front at 5:49:47 PM
2023-05-27 17:49:49.999027-0500 ObjectDetection-CoreML[8216:2432108] Eyes closed at 5:49:49 PM
2023-05-27 17:49:54.392448-0500 ObjectDetection-CoreML[8216:2432108] Not Facing Front at 5:49:54 PM
