2023-06-03 19:25:45.816482-0500 ObjectDetection-CoreML[2486:895636] Metal API Validation Enabled
2023-06-03 19:26:07.142600-0500 ObjectDetection-CoreML[2486:895636] Eyes closed at 2023-06-03_7:26:07.142 PM
2023-06-03 19:26:07.650200-0500 ObjectDetection-CoreML[2486:895636] Eyes closed at 2023-06-03_7:26:07.650 PM
2023-06-03 19:26:08.294434-0500 ObjectDetection-CoreML[2486:895636] Eyes closed at 2023-06-03_7:26:08.294 PM
2023-06-03 19:26:32.313852-0500 ObjectDetection-CoreML[2486:895636] Eyes closed at 2023-06-03_7:26:32.313 PM
2023-06-03 19:26:32.897117-0500 ObjectDetection-CoreML[2486:895636] Eyes closed at 2023-06-03_7:26:32.897 PM
2023-06-03 19:26:50.895911-0500 ObjectDetection-CoreML[2486:895636] Eyes closed at 2023-06-03_7:26:50.896 PM
2023-06-03 19:26:51.461075-0500 ObjectDetection-CoreML[2486:895636] Eyes closed at 2023-06-03_7:26:51.461 PM
2023-06-03 19:26:52.070496-0500 ObjectDetection-CoreML[2486:895636] Eyes closed at 2023-06-03_7:26:52.070 PM
2023-06-03 19:26:52.675880-0500 ObjectDetection-CoreML[2486:895636] Eyes closed at 2023-06-03_7:26:52.676 PM
2023-06-03 19:26:53.371053-0500 ObjectDetection-CoreML[2486:895636] Eyes closed at 2023-06-03_7:26:53.371 PM
2023-06-03 19:26:58.106442-0500 ObjectDetection-CoreML[2486:895636] Eyes closed at 2023-06-03_7:26:58.106 PM
2023-06-03 19:27:13.334448-0500 ObjectDetection-CoreML[2486:895636] Eyes closed at 2023-06-03_7:27:13.334 PM
2023-06-03 19:27:13.940045-0500 ObjectDetection-CoreML[2486:895636] Eyes closed at 2023-06-03_7:27:13.940 PM
2023-06-03 19:27:14.575187-0500 ObjectDetection-CoreML[2486:895636] Eyes closed at 2023-06-03_7:27:14.575 PM
2023-06-03 19:27:15.513213-0500 ObjectDetection-CoreML[2486:895636] Eyes closed at 2023-06-03_7:27:15.512 PM
2023-06-03 19:27:18.123091-0500 ObjectDetection-CoreML[2486:895636] Not Facing Front at 2023-06-03_7:27:18.123 PM
2023-06-03 19:27:18.165095-0500 ObjectDetection-CoreML[2486:895636] Not Facing Front at 2023-06-03_7:27:18.165 PM
2023-06-03 19:27:18.178583-0500 ObjectDetection-CoreML[2486:895636] Not Facing Front at 2023-06-03_7:27:18.178 PM
2023-06-03 19:27:18.184896-0500 ObjectDetection-CoreML[2486:895636] Not Facing Front at 2023-06-03_7:27:18.185 PM
2023-06-03 19:27:20.814318-0500 ObjectDetection-CoreML[2486:895636] Not Facing Front at 2023-06-03_7:27:20.814 PM
2023-06-03 19:27:20.822654-0500 ObjectDetection-CoreML[2486:895636] Not Facing Front at 2023-06-03_7:27:20.822 PM
2023-06-03 19:27:20.864493-0500 ObjectDetection-CoreML[2486:895636] Not Facing Front at 2023-06-03_7:27:20.864 PM
2023-06-03 19:27:20.870045-0500 ObjectDetection-CoreML[2486:895636] Not Facing Front at 2023-06-03_7:27:20.869 PM
2023-06-03 19:27:28.388464-0500 ObjectDetection-CoreML[2486:895636] Eyes closed at 2023-06-03_7:27:28.388 PM
2023-06-03 19:27:41.809601-0500 ObjectDetection-CoreML[2486:895636] Not Facing Front at 2023-06-03_7:27:41.809 PM
2023-06-03 19:27:41.949806-0500 ObjectDetection-CoreML[2486:895636] Not Facing Front at 2023-06-03_7:27:41.949 PM
2023-06-03 19:27:41.954871-0500 ObjectDetection-CoreML[2486:895636] Not Facing Front at 2023-06-03_7:27:41.955 PM
2023-06-03 19:27:41.958617-0500 ObjectDetection-CoreML[2486:895636] Not Facing Front at 2023-06-03_7:27:41.958 PM
2023-06-03 19:28:00.631214-0500 ObjectDetection-CoreML[2486:895636] Not Facing Front at 2023-06-03_7:28:00.631 PM
2023-06-03 19:28:00.641145-0500 ObjectDetection-CoreML[2486:895636] Not Facing Front at 2023-06-03_7:28:00.641 PM
2023-06-03 19:29:00.541433-0500 ObjectDetection-CoreML[2486:895636] Eyes closed at 2023-06-03_7:29:00.541 PM
2023-06-03 19:29:01.126360-0500 ObjectDetection-CoreML[2486:895636] Eyes closed at 2023-06-03_7:29:01.126 PM
2023-06-03 19:30:05.892808-0500 ObjectDetection-CoreML[2486:895636] Eyes closed at 2023-06-03_7:30:05.892 PM
2023-06-03 19:31:54.703166-0500 ObjectDetection-CoreML[2486:895636] Eyes closed at 2023-06-03_7:31:54.703 PM
2023-06-03 19:32:02.006074-0500 ObjectDetection-CoreML[2486:895636] Eyes closed at 2023-06-03_7:32:02.006 PM
2023-06-03 19:32:49.741141-0500 ObjectDetection-CoreML[2486:895636] Not Facing Front at 2023-06-03_7:32:49.740 PM
2023-06-03 19:32:49.878824-0500 ObjectDetection-CoreML[2486:895636] Not Facing Front at 2023-06-03_7:32:49.878 PM
2023-06-03 19:32:49.911298-0500 ObjectDetection-CoreML[2486:895636] Not Facing Front at 2023-06-03_7:32:49.911 PM
2023-06-03 19:32:49.916377-0500 ObjectDetection-CoreML[2486:895636] Not Facing Front at 2023-06-03_7:32:49.916 PM
2023-06-03 19:32:49.932124-0500 ObjectDetection-CoreML[2486:896558] [general] __CFRunLoopModeFindSourceForMachPort returned NULL for mode 'kCFRunLoopDefaultMode' livePort: 18971
2023-06-03 19:32:49.933487-0500 ObjectDetection-CoreML[2486:895636] Not Facing Front at 2023-06-03_7:32:49.933 PM
2023-06-03 19:32:49.939828-0500 ObjectDetection-CoreML[2486:895636] Not Facing Front at 2023-06-03_7:32:49.940 PM
2023-06-03 19:33:34.192127-0500 ObjectDetection-CoreML[2486:895636] Not Facing Front at 2023-06-03_7:33:34.192 PM
2023-06-03 19:33:34.298286-0500 ObjectDetection-CoreML[2486:895636] Not Facing Front at 2023-06-03_7:33:34.298 PM
2023-06-03 19:33:34.302558-0500 ObjectDetection-CoreML[2486:895636] Not Facing Front at 2023-06-03_7:33:34.302 PM
2023-06-03 19:33:34.320752-0500 ObjectDetection-CoreML[2486:895636] Not Facing Front at 2023-06-03_7:33:34.320 PM
2023-06-03 19:33:34.326636-0500 ObjectDetection-CoreML[2486:895636] Not Facing Front at 2023-06-03_7:33:34.326 PM
2023-06-03 19:33:49.820684-0500 ObjectDetection-CoreML[2486:895636] Not Facing Front at 2023-06-03_7:33:49.820 PM
2023-06-03 19:33:49.962258-0500 ObjectDetection-CoreML[2486:895636] Not Facing Front at 2023-06-03_7:33:49.962 PM
2023-06-03 19:33:49.986844-0500 ObjectDetection-CoreML[2486:895636] Not Facing Front at 2023-06-03_7:33:49.986 PM
2023-06-03 19:33:49.989773-0500 ObjectDetection-CoreML[2486:895636] Not Facing Front at 2023-06-03_7:33:49.989 PM
2023-06-03 19:33:49.992105-0500 ObjectDetection-CoreML[2486:895636] Not Facing Front at 2023-06-03_7:33:49.992 PM
2023-06-03 19:33:49.993778-0500 ObjectDetection-CoreML[2486:895636] Not Facing Front at 2023-06-03_7:33:49.994 PM
2023-06-03 19:34:32.906432-0500 ObjectDetection-CoreML[2486:895636] Not Facing Front at 2023-06-03_7:34:32.906 PM
2023-06-03 19:34:33.023762-0500 ObjectDetection-CoreML[2486:895636] Not Facing Front at 2023-06-03_7:34:33.023 PM
2023-06-03 19:34:33.045813-0500 ObjectDetection-CoreML[2486:895636] Not Facing Front at 2023-06-03_7:34:33.045 PM
2023-06-03 19:34:33.068182-0500 ObjectDetection-CoreML[2486:895636] Not Facing Front at 2023-06-03_7:34:33.068 PM
2023-06-03 19:34:33.074755-0500 ObjectDetection-CoreML[2486:895636] Not Facing Front at 2023-06-03_7:34:33.074 PM
2023-06-03 19:35:44.927341-0500 ObjectDetection-CoreML[2486:895636] Not Facing Front at 2023-06-03_7:35:44.927 PM
2023-06-03 19:35:45.109524-0500 ObjectDetection-CoreML[2486:895636] Not Facing Front at 2023-06-03_7:35:45.109 PM
2023-06-03 19:35:45.113942-0500 ObjectDetection-CoreML[2486:895636] Not Facing Front at 2023-06-03_7:35:45.114 PM
2023-06-03 19:35:45.116308-0500 ObjectDetection-CoreML[2486:895636] Not Facing Front at 2023-06-03_7:35:45.116 PM
2023-06-03 19:35:57.290489-0500 ObjectDetection-CoreML[2486:895636] Eyes closed at 2023-06-03_7:35:57.290 PM
2023-06-03 19:35:57.896898-0500 ObjectDetection-CoreML[2486:895636] Eyes closed at 2023-06-03_7:35:57.897 PM
2023-06-03 19:35:58.028119-0500 ObjectDetection-CoreML[2486:895636] Not Facing Front at 2023-06-03_7:35:58.028 PM
2023-06-03 19:35:58.519193-0500 ObjectDetection-CoreML[2486:895636] Eyes closed at 2023-06-03_7:35:58.519 PM
Thread Performance Checker: -[AVCaptureSession startRunning] should be called from background thread. Calling it on the main thread can lead to UI unresponsiveness
PID: 2486, TID: 895636
Backtrace
=================================================================
3   ObjectDetection-CoreML              0x0000000100b73f28 $s22ObjectDetection_CoreML14ViewControllerC11viewDidLoadyyF + 1528
4   ObjectDetection-CoreML              0x0000000100b73f80 $s22ObjectDetection_CoreML14ViewControllerC11viewDidLoadyyFTo + 36
5   UIKitCore                           0x00000001d444cd84 B0858D8E-7220-37BF-873F-ECC2B0A358C3 + 3661188
6   UIKitCore                           0x00000001d40e9c10 B0858D8E-7220-37BF-873F-ECC2B0A358C3 + 109584
7   UIKitCore                           0x00000001d40e9928 B0858D8E-7220-37BF-873F-ECC2B0A358C3 + 108840
8   UIKitCore                           0x00000001d42d1444 B0858D8E-7220-37BF-873F-ECC2B0A358C3 + 2106436
9   UIKitCore                           0x00000001d42d1338 B0858D8E-7220-37BF-873F-ECC2B0A358C3 + 2106168
10  UIKitCore                           0x00000001d42d0bdc B0858D8E-7220-37BF-873F-ECC2B0A358C3 + 2104284
11  UIKitCore                           0x00000001d4424448 B0858D8E-7220-37BF-873F-ECC2B0A358C3 + 3494984
12  UIKitCore                           0x00000001d4f949f0 B0858D8E-7220-37BF-873F-ECC2B0A358C3 + 15489520
13  UIKitCore                           0x00000001d4243f18 B0858D8E-7220-37BF-873F-ECC2B0A358C3 + 1527576
14  UIKitCore                           0x00000001d42d8bb4 B0858D8E-7220-37BF-873F-ECC2B0A358C3 + 2137012
15  UIKitCore                           0x00000001d42d8690 B0858D8E-7220-37BF-873F-ECC2B0A358C3 + 2135696
16  UIKitCore                           0x00000001d42d84b0 B0858D8E-7220-37BF-873F-ECC2B0A358C3 + 2135216
17  FrontBoardServices                  0x00000001e808b220 4E9B358C-A4C2-3F4B-A88A-2473998E24D8 + 12832
18  FrontBoardServices                  0x00000001e80cafe0 4E9B358C-A4C2-3F4B-A88A-2473998E24D8 + 274400
19  FrontBoardServices                  0x00000001e808f05c 4E9B358C-A4C2-3F4B-A88A-2473998E24D8 + 28764
20  FrontBoardServices                  0x00000001e80cac38 4E9B358C-A4C2-3F4B-A88A-2473998E24D8 + 273464
21  libdispatch.dylib                   0x0000000100ffa038 _dispatch_client_callout + 20
22  libdispatch.dylib                   0x0000000100ffdaa0 _dispatch_block_invoke_direct + 368
23  FrontBoardServices                  0x00000001e8099188 4E9B358C-A4C2-3F4B-A88A-2473998E24D8 + 70024
24  FrontBoardServices                  0x00000001e8098d24 4E9B358C-A4C2-3F4B-A88A-2473998E24D8 + 68900
25  FrontBoardServices                  0x00000001e809b5d0 4E9B358C-A4C2-3F4B-A88A-2473998E24D8 + 79312
26  CoreFoundation                      0x00000001d2134208 6A07CBE8-4F65-3DBC-B59D-C1A188A7B95D + 864776
27  CoreFoundation                      0x00000001d2140864 6A07CBE8-4F65-3DBC-B59D-C1A188A7B95D + 915556
28  CoreFoundation                      0x00000001d20c5728 6A07CBE8-4F65-3DBC-B59D-C1A188A7B95D + 411432
29  CoreFoundation                      0x00000001d20db1c4 6A07CBE8-4F65-3DBC-B59D-C1A188A7B95D + 500164
30  CoreFoundation                      0x00000001d20e04dc CFRunLoopRunSpecific + 612
31  GraphicsServices                    0x000000020d34c35c GSEventRunModal + 164
32  UIKitCore                           0x00000001d446c37c B0858D8E-7220-37BF-873F-ECC2B0A358C3 + 3789692
33  UIKitCore                           0x00000001d446bfe0 UIApplicationMain + 340
34  libswiftUIKit.dylib                 0x00000001daae60b0 $s5UIKit17UIApplicationMainys5Int32VAD_SpySpys4Int8VGGSgSSSgAJtF + 104
35  ObjectDetection-CoreML              0x0000000100b827c4 $sSo21UIApplicationDelegateP5UIKitE4mainyyFZ + 120
36  ObjectDetection-CoreML              0x0000000100b8273c $s22ObjectDetection_CoreML11AppDelegateC5$mainyyFZ + 44
37  ObjectDetection-CoreML              0x0000000100b82840 main + 28
38  dyld                                0x00000001f1574dec 41605DC7-F412-37D1-B51B-FEE1A26701E9 + 89580
