2023-05-27 19:12:20.860 ObjectDetection-CoreML[8438:2477091] First Log
2023-05-27 19:12:20.861 ObjectDetection-CoreML[8438:2477091] Second Log
2023-05-27 19:12:29.510 ObjectDetection-CoreML[8438:2477091] Not Facing Front at 7:12:29 PM
2023-05-27 19:12:39.675 ObjectDetection-CoreML[8438:2477091] Eyes closed at 7:12:39 PM
2023-05-27 19:13:06.221 ObjectDetection-CoreML[8438:2477091] Yawn at 7:13:06 PM
2023-05-27 19:13:06.289 ObjectDetection-CoreML[8438:2477091] Eyes closed at 7:13:06 PM
2023-05-27 19:13:06.327 ObjectDetection-CoreML[8438:2477091] Yawn at 7:13:06 PM
2023-05-27 19:13:06.350 ObjectDetection-CoreML[8438:2477091] Yawn at 7:13:06 PM
2023-05-27 19:13:06.354 ObjectDetection-CoreML[8438:2477091] Yawn at 7:13:06 PM
2023-05-27 19:13:06.357 ObjectDetection-CoreML[8438:2477091] Yawn at 7:13:06 PM
2023-05-27 19:13:50.199 ObjectDetection-CoreML[8438:2477091] Not Facing Front at 7:13:50 PM
2023-05-27 19:13:50.425 ObjectDetection-CoreML[8438:2477091] Not Facing Front at 7:13:50 PM
2023-05-27 19:13:50.428 ObjectDetection-CoreML[8438:2477091] Not Facing Front at 7:13:50 PM
2023-05-27 19:13:50.429 ObjectDetection-CoreML[8438:2477091] Not Facing Front at 7:13:50 PM
2023-05-27 19:13:50.447 ObjectDetection-CoreML[8438:2477091] Not Facing Front at 7:13:50 PM
2023-05-27 19:13:54.734 ObjectDetection-CoreML[8438:2477091] Not Facing Front at 7:13:54 PM
2023-05-27 19:13:54.741 ObjectDetection-CoreML[8438:2477091] Not Facing Front at 7:13:54 PM
2023-05-27 19:13:54.756 ObjectDetection-CoreML[8438:2477091] Not Facing Front at 7:13:54 PM
2023-05-27 19:14:13.905 ObjectDetection-CoreML[8438:2477091] Not Facing Front at 7:14:13 PM
2023-05-27 19:14:14.110 ObjectDetection-CoreML[8438:2477091] Not Facing Front at 7:14:14 PM
2023-05-27 19:14:14.132 ObjectDetection-CoreML[8438:2477091] Not Facing Front at 7:14:14 PM
2023-05-27 19:14:14.156 ObjectDetection-CoreML[8438:2477091] Not Facing Front at 7:14:14 PM
2023-05-27 19:14:14.162 ObjectDetection-CoreML[8438:2477091] Not Facing Front at 7:14:14 PM
